{"level":"info","message":"Server running on port 3000","timestamp":"2025-03-25T05:22:53.687Z"}
{"level":"info","message":"Server running on port 3000","timestamp":"2025-03-25T05:23:11.643Z"}
{"level":"info","message":"Server running on port 3000","timestamp":"2025-03-25T05:26:12.599Z"}
{"level":"info","message":"Server running on port 3000","timestamp":"2025-03-25T05:29:00.168Z"}
{"level":"error","message":"Error fetching issue 999: request to https://raw.githubusercontent.com/ruanyf/weekly/master/docs/issue-999.md failed, reason: connect ETIMEDOUT 185.199.109.133:443","timestamp":"2025-03-26T07:03:04.228Z"}
{"level":"info","message":"Server running on port 3000","timestamp":"2025-03-26T07:07:25.186Z"}
{"level":"info","message":"Successfully pushed quotes from issue 331 to webhook (without saving)","timestamp":"2025-03-26T07:09:16.588Z"}
{"level":"info","message":"Successfully pushed quotes from issue 342 to webhook","timestamp":"2025-03-26T07:10:47.397Z"}
{"level":"info","message":"Server running on port 3000","timestamp":"2025-03-26T07:10:47.951Z"}
{"level":"info","message":"Server running on port 3000","timestamp":"2025-03-26T07:17:28.022Z"}
{"level":"info","message":"Server running on port 3000","timestamp":"2025-03-26T07:18:04.024Z"}
{"level":"info","message":"Successfully pushed quotes from issue 331 to webhook (without saving)","timestamp":"2025-03-26T07:18:38.186Z"}
{"level":"error","message":"Error fetching issue 331: quotes is not defined","timestamp":"2025-03-26T07:18:38.186Z"}
{"level":"info","message":"Server running on port 3000","timestamp":"2025-03-26T07:20:05.794Z"}
{"level":"error","message":"Error fetching issue 331: ctx is not defined","timestamp":"2025-03-26T07:20:22.956Z"}
{"level":"info","message":"Server running on port 3000","timestamp":"2025-03-26T07:22:52.612Z"}
{"level":"info","message":"Successfully pushed quotes from issue 331 to webhook (without saving)","timestamp":"2025-03-26T07:22:59.212Z"}
{"level":"error","message":"Error fetching issue 331: quotes is not defined","timestamp":"2025-03-26T07:22:59.213Z"}
{"level":"info","message":"Server running on port 3000","timestamp":"2025-03-26T07:25:14.707Z"}
{"level":"info","message":"Successfully pushed quotes from issue 331 to webhook (without saving)","timestamp":"2025-03-26T07:25:34.613Z"}
{"level":"info","message":"Server running on port 3000","timestamp":"2025-03-26T07:26:10.236Z"}
{"level":"info","message":"Successfully pushed quotes from issue 331 to webhook (without saving)","timestamp":"2025-03-26T07:29:11.302Z"}
{"level":"error","message":"Error fetching issue 331: request to https://raw.githubusercontent.com/ruanyf/weekly/master/docs/issue-331.md failed, reason: read ETIMEDOUT","timestamp":"2025-03-26T07:29:22.129Z"}
{"level":"info","message":"Server running on port 3000","timestamp":"2025-03-26T07:30:02.246Z"}
{"level":"info","message":"Server running on port 3000","timestamp":"2025-03-26T07:31:58.229Z"}
{"level":"info","message":"Server running on port 3000","timestamp":"2025-03-26T07:32:13.277Z"}
{"level":"info","message":"Successfully pushed quotes from issue 331 to webhook (without saving)","timestamp":"2025-03-26T07:32:28.194Z"}
{"level":"info","message":"Server running on port 3000","timestamp":"2025-03-26T07:33:29.140Z"}
{"level":"info","message":"Server running on port 3000","timestamp":"2025-03-26T07:34:17.212Z"}
{"level":"info","message":"Server running on port 3000","timestamp":"2025-03-26T07:34:26.264Z"}
{"level":"error","message":"Error fetching issue 332: request to https://raw.githubusercontent.com/ruanyf/weekly/master/docs/issue-332.md failed, reason: connect ETIMEDOUT 185.199.111.133:443","timestamp":"2025-03-26T07:37:45.668Z"}
{"level":"error","message":"Error fetching issue 332: request to https://raw.githubusercontent.com/ruanyf/weekly/master/docs/issue-332.md failed, reason: read ETIMEDOUT","timestamp":"2025-03-26T07:38:18.099Z"}
{"level":"error","message":"Error fetching issue 332: request to https://raw.githubusercontent.com/ruanyf/weekly/master/docs/issue-332.md failed, reason: read ETIMEDOUT","timestamp":"2025-03-26T07:42:15.672Z"}
{"level":"info","message":"Successfully pushed quotes from issue 333 to webhook (without saving)","timestamp":"2025-03-26T07:42:17.143Z"}
{"level":"info","message":"Server running on port 3000","timestamp":"2025-03-26T07:43:34.999Z"}
{"level":"info","message":"Successfully pushed quotes from issue 333 to webhook (without saving)","timestamp":"2025-03-26T07:43:44.491Z"}
{"level":"info","message":"Server running on port 3000","timestamp":"2025-03-26T07:44:39.205Z"}
{"level":"error","message":"Error fetching issue 334: request to https://raw.githubusercontent.com/ruanyf/weekly/master/docs/issue-334.md failed, reason: read ETIMEDOUT","timestamp":"2025-03-26T07:48:07.450Z"}
{"level":"info","message":"Server running on port 3000","timestamp":"2025-03-26T07:57:45.286Z"}
{"level":"info","message":"Server running on port 3000","timestamp":"2025-03-26T07:58:00.796Z"}
{"level":"info","message":"Successfully pushed quotes from issue 334 to webhook (without saving)","timestamp":"2025-03-26T07:59:24.576Z"}
{"level":"info","message":"Server running on port 3000","timestamp":"2025-03-26T08:01:20.701Z"}
